{"level":"info","module":"main","msg":"User visits home page","time":"2024-02-01T23:39:05+06:00"}
{"level":"info","module":"main","msg":"User visits travel page","time":"2024-02-01T23:39:10+06:00"}
{"level":"info","module":"main","msg":"User visits tours page","time":"2024-02-01T23:39:11+06:00"}
{"function":"searchHandler","level":"info","module":"main","msg":"User requests tours data","time":"2024-02-01T23:39:11+06:00"}
{"function":"searchHandler","level":"info","module":"main","msg":"Tours were found","time":"2024-02-01T23:39:13+06:00"}
{"level":"info","module":"main","msg":"User visits tours page","time":"2024-02-01T23:42:07+06:00"}
{"function":"searchHandler","level":"info","module":"main","msg":"User requests tours data","time":"2024-02-01T23:42:07+06:00"}
{"arrival":"","city":"","country":"","departure":"","hotel":"","level":"info","msg":"User request","time":"2024-02-01T23:42:07+06:00"}
{"function":"searchHandler","level":"info","module":"main","msg":"Tours were found","time":"2024-02-01T23:42:09+06:00"}
{"level":"info","module":"main","msg":"User visits tours page","time":"2024-02-01T23:42:58+06:00"}
{"function":"searchHandler","level":"info","module":"main","msg":"User requests tours data","time":"2024-02-01T23:42:58+06:00"}
{"arrival":"","city":"","country":"","departure":"","hotel":"","level":"info","msg":"User request","time":"2024-02-01T23:42:58+06:00"}
{"function":"searchHandler","level":"info","module":"main","msg":"Tours were found","time":"2024-02-01T23:42:59+06:00"}
{"level":"info","module":"main","msg":"User visits tours page","time":"2024-02-01T23:48:24+06:00"}
{"function":"searchHandler","level":"info","module":"main","msg":"User requests tours data","time":"2024-02-01T23:48:25+06:00"}
{"arrival":"","city":"","country":"","departure":"","hotel":"","level":"info","msg":"User request","sort":"","time":"2024-02-01T23:48:25+06:00"}
{"function":"searchHandler","level":"info","module":"main","msg":"Tours were found","time":"2024-02-01T23:48:26+06:00"}
{"level":"info","module":"main","msg":"User visits home page","time":"2024-02-01T23:48:30+06:00"}
{"level":"info","module":"main","msg":"User visits tours page","time":"2024-02-01T23:48:34+06:00"}
{"function":"searchHandler","level":"info","module":"main","msg":"User requests tours data","time":"2024-02-01T23:48:34+06:00"}
{"level":"info","module":"main","msg":"User visits tours page","time":"2024-02-01T23:48:40+06:00"}
{"function":"searchHandler","level":"info","module":"main","msg":"User requests tours data","time":"2024-02-01T23:48:40+06:00"}
{"arrival":"","city":"","country":"","departure":"","hotel":"","level":"info","msg":"User request","sort":"","time":"2024-02-01T23:48:40+06:00"}
{"function":"searchHandler","level":"info","module":"main","msg":"Tours were found","time":"2024-02-01T23:48:41+06:00"}
{"level":"info","module":"main","msg":"User visits travel page","time":"2024-02-01T23:48:43+06:00"}
{"level":"info","module":"main","msg":"User visits tours page","time":"2024-02-01T23:48:47+06:00"}
{"function":"searchHandler","level":"info","module":"main","msg":"User requests tours data","time":"2024-02-01T23:48:47+06:00"}
{"arrival":"","city":"","country":"","departure":"","hotel":"","level":"info","msg":"User request","sort":"","time":"2024-02-01T23:48:47+06:00"}
{"function":"searchHandler","level":"info","module":"main","msg":"Tours were found","time":"2024-02-01T23:48:47+06:00"}
{"level":"info","module":"main","msg":"User visits tours page","time":"2024-02-01T23:48:53+06:00"}
{"function":"searchHandler","level":"info","module":"main","msg":"User requests tours data","time":"2024-02-01T23:48:53+06:00"}
{"arrival":"","city":"","country":"","departure":"","hotel":"","level":"info","msg":"User request","sort":"","time":"2024-02-01T23:48:53+06:00"}
{"function":"searchHandler","level":"info","module":"main","msg":"Tours were found","time":"2024-02-01T23:48:54+06:00"}
{"level":"info","module":"main","msg":"User visits tours page","time":"2024-02-01T23:48:59+06:00"}
{"function":"searchHandler","level":"info","module":"main","msg":"User requests tours data","time":"2024-02-01T23:48:59+06:00"}
{"arrival":"","city":"","country":"","departure":"","hotel":"","level":"info","msg":"User request","sort":"asc","time":"2024-02-01T23:48:59+06:00"}
{"function":"searchHandler","level":"info","module":"main","msg":"Tours were found","time":"2024-02-01T23:49:00+06:00"}
{"level":"info","module":"main","msg":"User visits tours page","time":"2024-02-01T23:49:02+06:00"}
{"function":"searchHandler","level":"info","module":"main","msg":"User requests tours data","time":"2024-02-01T23:49:02+06:00"}
{"function":"searchHandler","level":"info","module":"main","msg":"User requests tours data","time":"2024-02-01T23:49:35+06:00"}
{"function":"searchHandler","level":"info","module":"main","msg":"User requests tours data","time":"2024-02-01T23:50:25+06:00"}
{"function":"searchHandler","level":"info","module":"main","msg":"User requests tours data","time":"2024-02-01T23:50:31+06:00"}
{"arrival":"","city":"","country":"","departure":"","hotel":"","level":"info","msg":"User request","sort":"asc","time":"2024-02-01T23:50:31+06:00"}
{"function":"searchHandler","level":"info","module":"main","msg":"Tours were found","time":"2024-02-01T23:50:32+06:00"}
{"function":"searchHandler","level":"info","module":"main","msg":"User requests tours data","time":"2024-02-01T23:50:49+06:00"}
{"arrival":"","city":"","country":"","departure":"","hotel":"","level":"info","msg":"User request","sort":"dsc","time":"2024-02-01T23:50:49+06:00"}
{"function":"searchHandler","level":"info","module":"main","msg":"Tours were found","time":"2024-02-01T23:50:49+06:00"}
{"level":"info","module":"main","msg":"User visits tours page","time":"2024-02-01T23:50:55+06:00"}
{"function":"searchHandler","level":"info","module":"main","msg":"User requests tours data","time":"2024-02-01T23:50:56+06:00"}
{"arrival":"","city":"","country":"","departure":"","hotel":"","level":"info","msg":"User request","sort":"dsc","time":"2024-02-01T23:50:56+06:00"}
{"function":"searchHandler","level":"info","module":"main","msg":"Tours were found","time":"2024-02-01T23:50:56+06:00"}
{"level":"info","module":"main","msg":"User visits tours page","time":"2024-02-01T23:51:01+06:00"}
{"function":"searchHandler","level":"info","module":"main","msg":"User requests tours data","time":"2024-02-01T23:51:01+06:00"}
{"arrival":"","city":"","country":"","departure":"","hotel":"","level":"info","msg":"User request","sort":"","time":"2024-02-01T23:51:01+06:00"}
{"function":"searchHandler","level":"info","module":"main","msg":"Tours were found","time":"2024-02-01T23:51:03+06:00"}
{"function":"searchHandler","level":"info","module":"main","msg":"User requests tours data","time":"2024-02-01T23:51:06+06:00"}
{"arrival":"","city":"","country":"","departure":"","hotel":"","level":"info","msg":"User request","sort":"","time":"2024-02-01T23:51:06+06:00"}
{"function":"searchHandler","level":"info","module":"main","msg":"Tours were found","time":"2024-02-01T23:51:07+06:00"}
{"level":"info","module":"main","msg":"User visits tours page","time":"2024-02-01T23:51:14+06:00"}
{"function":"searchHandler","level":"info","module":"main","msg":"User requests tours data","time":"2024-02-01T23:51:14+06:00"}
{"arrival":"","city":"","country":"","departure":"","hotel":"","level":"info","msg":"User request","sort":"asc","time":"2024-02-01T23:51:14+06:00"}
{"function":"searchHandler","level":"info","module":"main","msg":"Tours were found","time":"2024-02-01T23:51:15+06:00"}
{"function":"searchHandler","level":"info","module":"main","msg":"User requests tours data","time":"2024-02-01T23:51:19+06:00"}
{"arrival":"","city":"","country":"","departure":"","hotel":"","level":"info","msg":"User request","sort":"asc","time":"2024-02-01T23:51:19+06:00"}
{"function":"searchHandler","level":"info","module":"main","msg":"Tours were found","time":"2024-02-01T23:51:20+06:00"}
{"function":"searchHandler","level":"info","module":"main","msg":"User requests tours data","time":"2024-02-01T23:51:23+06:00"}
{"arrival":"","city":"","country":"","departure":"","hotel":"","level":"info","msg":"User request","sort":"asc","time":"2024-02-01T23:51:23+06:00"}
{"function":"searchHandler","level":"info","module":"main","msg":"Tours were found","time":"2024-02-01T23:51:24+06:00"}
{"level":"info","module":"main","msg":"User visits home page","time":"2024-02-02T15:56:33+06:00"}
{"level":"info","module":"main","msg":"User visits registration page","time":"2024-02-02T15:57:06+06:00"}
{"level":"info","module":"main","msg":"User visits login page","time":"2024-02-02T15:57:08+06:00"}
{"function":"login","level":"info","module":"main","msg":"Login request","time":"2024-02-02T15:57:14+06:00"}
{"function":"login","level":"info","module":"main","msg":"User sucessfully logged in","time":"2024-02-02T15:57:14+06:00"}
{"level":"info","module":"main","msg":"Admin visits admin page","time":"2024-02-02T15:57:14+06:00"}
{"function":"getAllUsers","level":"info","module":"main","msg":"Admin requested all users' data","time":"2024-02-02T15:57:14+06:00"}
{"function":"getAllUsers","level":"info","module":"main","msg":"Data was succesfully sent","time":"2024-02-02T15:57:14+06:00"}
{"function":"deleteUser","level":"info","module":"main","msg":"Admin deletes user's data","time":"2024-02-02T15:57:23+06:00"}
{"function":"deleteUser","level":"info","module":"main","msg":"User deleted successfully","time":"2024-02-02T15:57:23+06:00"}
{"function":"getAllUsers","level":"info","module":"main","msg":"Admin requested all users' data","time":"2024-02-02T15:57:23+06:00"}
{"function":"getAllUsers","level":"info","module":"main","msg":"Data was succesfully sent","time":"2024-02-02T15:57:23+06:00"}
{"level":"info","module":"main","msg":"User visits travel page","time":"2024-02-02T15:57:25+06:00"}
{"level":"info","module":"main","msg":"User visits tours page","time":"2024-02-02T15:57:39+06:00"}
{"function":"searchHandler","level":"info","module":"main","msg":"User requests tours data","time":"2024-02-02T15:57:40+06:00"}
{"arrival":"","city":"","country":"","departure":"","hotel":"","level":"info","msg":"User request","sort":"","time":"2024-02-02T15:57:40+06:00"}
{"function":"searchHandler","level":"info","module":"main","msg":"Tours were found","time":"2024-02-02T15:57:47+06:00"}
{"level":"info","module":"main","msg":"User visits tours page","time":"2024-02-02T15:58:08+06:00"}
{"function":"searchHandler","level":"info","module":"main","msg":"User requests tours data","time":"2024-02-02T15:58:09+06:00"}
{"arrival":"","city":"","country":"","departure":"","hotel":"","level":"info","msg":"User request","sort":"","time":"2024-02-02T15:58:09+06:00"}
{"function":"searchHandler","level":"info","module":"main","msg":"Tours were found","time":"2024-02-02T15:58:14+06:00"}
{"function":"searchHandler","level":"info","module":"main","msg":"User requests tours data","time":"2024-02-02T15:58:53+06:00"}
{"arrival":"","city":"","country":"","departure":"","hotel":"","level":"info","msg":"User request","sort":"","time":"2024-02-02T15:58:53+06:00"}
{"function":"searchHandler","level":"info","module":"main","msg":"User requests tours data","time":"2024-02-02T15:59:08+06:00"}
{"arrival":"","city":"","country":"","departure":"","hotel":"","level":"info","msg":"User request","sort":"","time":"2024-02-02T15:59:08+06:00"}
{"function":"searchHandler","level":"info","module":"main","msg":"Tours were found","time":"2024-02-02T15:59:10+06:00"}
{"level":"info","module":"main","msg":"User visits tours page","time":"2024-02-02T15:59:14+06:00"}
{"function":"searchHandler","level":"info","module":"main","msg":"User requests tours data","time":"2024-02-02T15:59:15+06:00"}
{"arrival":"","city":"","country":"","departure":"","hotel":"","level":"info","msg":"User request","sort":"","time":"2024-02-02T15:59:15+06:00"}
{"function":"searchHandler","level":"info","module":"main","msg":"Tours were found","time":"2024-02-02T15:59:45+06:00"}
{"function":"searchHandler","level":"info","module":"main","msg":"Tours were found","time":"2024-02-02T15:59:46+06:00"}
{"level":"info","module":"main","msg":"User visits login page","time":"2024-02-02T16:01:07+06:00"}
{"function":"login","level":"info","module":"main","msg":"Login request","time":"2024-02-02T16:02:35+06:00"}
{"function":"login","level":"info","module":"main","msg":"User sucessfully logged in","time":"2024-02-02T16:02:35+06:00"}
{"function":"getAllUsers","level":"info","module":"main","msg":"Admin requested all users' data","time":"2024-02-02T16:02:35+06:00"}
{"function":"getAllUsers","level":"info","module":"main","msg":"Data was succesfully sent","time":"2024-02-02T16:02:35+06:00"}
{"level":"info","module":"main","msg":"User visits login page","time":"2024-02-02T16:02:38+06:00"}
{"function":"login","level":"info","module":"main","msg":"Login request","time":"2024-02-02T16:02:42+06:00"}
{"function":"login","level":"info","module":"main","msg":"User sucessfully logged in","time":"2024-02-02T16:02:42+06:00"}
{"function":"getAllUsers","level":"info","module":"main","msg":"Admin requested all users' data","time":"2024-02-02T16:02:42+06:00"}
{"function":"getAllUsers","level":"info","module":"main","msg":"Data was succesfully sent","time":"2024-02-02T16:02:42+06:00"}
{"level":"info","module":"main","msg":"User visits login page","time":"2024-02-02T16:02:44+06:00"}
{"function":"login","level":"info","module":"main","msg":"Login request","time":"2024-02-02T16:02:54+06:00"}
{"function":"login","level":"info","module":"main","msg":"User sucessfully logged in","time":"2024-02-02T16:02:54+06:00"}
{"level":"info","module":"main","msg":"User visits login page","time":"2024-02-02T16:02:56+06:00"}
{"function":"searchHandler","level":"info","module":"main","msg":"User requests tours data","time":"2024-02-02T16:03:16+06:00"}
{"arrival":"","city":"","country":"","departure":"","hotel":"","level":"info","msg":"User request","sort":"","time":"2024-02-02T16:03:16+06:00"}
{"function":"searchHandler","level":"info","module":"main","msg":"Tours were found","time":"2024-02-02T16:03:18+06:00"}
{"level":"info","module":"main","msg":"User visits tours page","time":"2024-02-02T16:03:22+06:00"}
{"function":"searchHandler","level":"info","module":"main","msg":"User requests tours data","time":"2024-02-02T16:03:23+06:00"}
{"arrival":"","city":"","country":"","departure":"","hotel":"","level":"info","msg":"User request","sort":"","time":"2024-02-02T16:03:23+06:00"}
{"level":"info","module":"main","msg":"User visits tours page","time":"2024-02-02T16:03:36+06:00"}
{"function":"searchHandler","level":"info","module":"main","msg":"User requests tours data","time":"2024-02-02T16:03:37+06:00"}
{"arrival":"","city":"","country":"","departure":"","hotel":"","level":"info","msg":"User request","sort":"","time":"2024-02-02T16:03:37+06:00"}
{"function":"searchHandler","level":"info","module":"main","msg":"Tours were found","time":"2024-02-02T16:03:37+06:00"}
{"function":"searchHandler","level":"info","module":"main","msg":"Tours were found","time":"2024-02-02T16:03:39+06:00"}
{"function":"searchHandler","level":"info","module":"main","msg":"User requests tours data","time":"2024-02-02T16:03:42+06:00"}
{"arrival":"","city":"","country":"","departure":"","hotel":"","level":"info","msg":"User request","sort":"","time":"2024-02-02T16:03:42+06:00"}
{"function":"searchHandler","level":"info","module":"main","msg":"User requests tours data","time":"2024-02-02T16:03:42+06:00"}
{"arrival":"","city":"","country":"","departure":"","hotel":"","level":"info","msg":"User request","sort":"","time":"2024-02-02T16:03:42+06:00"}
{"function":"searchHandler","level":"info","module":"main","msg":"Tours were found","time":"2024-02-02T16:03:43+06:00"}
{"function":"searchHandler","level":"info","module":"main","msg":"User requests tours data","time":"2024-02-02T16:03:43+06:00"}
{"arrival":"","city":"","country":"","departure":"","hotel":"","level":"info","msg":"User request","sort":"","time":"2024-02-02T16:03:43+06:00"}
{"function":"searchHandler","level":"info","module":"main","msg":"Tours were found","time":"2024-02-02T16:03:44+06:00"}
{"function":"searchHandler","level":"info","module":"main","msg":"User requests tours data","time":"2024-02-02T16:03:45+06:00"}
{"arrival":"","city":"","country":"","departure":"","hotel":"","level":"info","msg":"User request","sort":"","time":"2024-02-02T16:03:45+06:00"}
{"function":"searchHandler","level":"info","module":"main","msg":"Tours were found","time":"2024-02-02T16:03:45+06:00"}
{"function":"searchHandler","level":"info","module":"main","msg":"User requests tours data","time":"2024-02-02T16:03:47+06:00"}
{"arrival":"","city":"","country":"","departure":"","hotel":"","level":"info","msg":"User request","sort":"","time":"2024-02-02T16:03:47+06:00"}
{"function":"searchHandler","level":"info","module":"main","msg":"Tours were found","time":"2024-02-02T16:03:48+06:00"}
{"function":"searchHandler","level":"info","module":"main","msg":"User requests tours data","time":"2024-02-02T16:03:49+06:00"}
{"arrival":"","city":"","country":"","departure":"","hotel":"","level":"info","msg":"User request","sort":"","time":"2024-02-02T16:03:49+06:00"}
{"function":"searchHandler","level":"info","module":"main","msg":"Tours were found","time":"2024-02-02T16:03:49+06:00"}
{"function":"searchHandler","level":"info","module":"main","msg":"User requests tours data","time":"2024-02-02T16:03:49+06:00"}
{"arrival":"","city":"","country":"","departure":"","hotel":"","level":"info","msg":"User request","sort":"","time":"2024-02-02T16:03:49+06:00"}
{"function":"searchHandler","level":"info","module":"main","msg":"User requests tours data","time":"2024-02-02T16:03:50+06:00"}
{"arrival":"","city":"","country":"","departure":"","hotel":"","level":"info","msg":"User request","sort":"","time":"2024-02-02T16:03:50+06:00"}
{"function":"searchHandler","level":"info","module":"main","msg":"User requests tours data","time":"2024-02-02T16:03:51+06:00"}
{"arrival":"","city":"","country":"","departure":"","hotel":"","level":"info","msg":"User request","sort":"","time":"2024-02-02T16:03:51+06:00"}
{"function":"searchHandler","level":"info","module":"main","msg":"Tours were found","time":"2024-02-02T16:03:51+06:00"}
{"function":"searchHandler","level":"info","module":"main","msg":"Tours were found","time":"2024-02-02T16:03:51+06:00"}
{"function":"searchHandler","level":"info","module":"main","msg":"User requests tours data","time":"2024-02-02T16:03:51+06:00"}
{"arrival":"","city":"","country":"","departure":"","hotel":"","level":"info","msg":"User request","sort":"","time":"2024-02-02T16:03:51+06:00"}
{"function":"searchHandler","level":"info","module":"main","msg":"Tours were found","time":"2024-02-02T16:03:52+06:00"}
{"function":"searchHandler","level":"info","module":"main","msg":"Tours were found","time":"2024-02-02T16:03:52+06:00"}
{"function":"searchHandler","level":"info","module":"main","msg":"User requests tours data","time":"2024-02-02T16:03:57+06:00"}
{"arrival":"","city":"","country":"","departure":"","hotel":"","level":"info","msg":"User request","sort":"","time":"2024-02-02T16:03:57+06:00"}
{"function":"searchHandler","level":"info","module":"main","msg":"Tours were found","time":"2024-02-02T16:03:58+06:00"}
{"function":"searchHandler","level":"info","module":"main","msg":"User requests tours data","time":"2024-02-02T16:03:58+06:00"}
{"arrival":"","city":"","country":"","departure":"","hotel":"","level":"info","msg":"User request","sort":"","time":"2024-02-02T16:03:58+06:00"}
{"function":"searchHandler","level":"info","module":"main","msg":"User requests tours data","time":"2024-02-02T16:03:59+06:00"}
{"arrival":"","city":"","country":"","departure":"","hotel":"","level":"info","msg":"User request","sort":"","time":"2024-02-02T16:03:59+06:00"}
{"function":"searchHandler","level":"info","module":"main","msg":"User requests tours data","time":"2024-02-02T16:03:59+06:00"}
{"arrival":"","city":"","country":"","departure":"","hotel":"","level":"info","msg":"User request","sort":"","time":"2024-02-02T16:03:59+06:00"}
{"function":"searchHandler","level":"info","module":"main","msg":"User requests tours data","time":"2024-02-02T16:04:00+06:00"}
{"arrival":"","city":"","country":"","departure":"","hotel":"","level":"info","msg":"User request","sort":"","time":"2024-02-02T16:04:00+06:00"}
{"function":"searchHandler","level":"info","module":"main","msg":"Tours were found","time":"2024-02-02T16:04:00+06:00"}
{"function":"searchHandler","level":"info","module":"main","msg":"Tours were found","time":"2024-02-02T16:04:00+06:00"}
{"function":"searchHandler","level":"info","module":"main","msg":"Tours were found","time":"2024-02-02T16:04:01+06:00"}
{"function":"searchHandler","level":"info","module":"main","msg":"User requests tours data","time":"2024-02-02T16:04:03+06:00"}
{"arrival":"","city":"","country":"","departure":"","hotel":"","level":"info","msg":"User request","sort":"","time":"2024-02-02T16:04:03+06:00"}
{"function":"searchHandler","level":"info","module":"main","msg":"User requests tours data","time":"2024-02-02T16:04:07+06:00"}
{"arrival":"","city":"","country":"","departure":"","hotel":"","level":"info","msg":"User request","sort":"","time":"2024-02-02T16:04:07+06:00"}
{"function":"searchHandler","level":"info","module":"main","msg":"Tours were found","time":"2024-02-02T16:04:07+06:00"}
{"function":"searchHandler","level":"info","module":"main","msg":"Tours were found","time":"2024-02-02T16:04:07+06:00"}
{"function":"searchHandler","level":"info","module":"main","msg":"User requests tours data","time":"2024-02-02T16:04:07+06:00"}
{"arrival":"","city":"","country":"","departure":"","hotel":"","level":"info","msg":"User request","sort":"","time":"2024-02-02T16:04:07+06:00"}
{"function":"searchHandler","level":"info","module":"main","msg":"User requests tours data","time":"2024-02-02T16:04:08+06:00"}
{"arrival":"","city":"","country":"","departure":"","hotel":"","level":"info","msg":"User request","sort":"","time":"2024-02-02T16:04:08+06:00"}
{"function":"searchHandler","level":"info","module":"main","msg":"Tours were found","time":"2024-02-02T16:04:09+06:00"}
{"function":"searchHandler","level":"info","module":"main","msg":"Tours were found","time":"2024-02-02T16:04:10+06:00"}
{"function":"searchHandler","level":"info","module":"main","msg":"Tours were found","time":"2024-02-02T16:04:29+06:00"}
{"function":"searchHandler","level":"info","module":"main","msg":"Tours were found","time":"2024-02-02T19:04:35+06:00"}
{"level":"info","module":"main","msg":"User visits home page","time":"2024-02-29T13:28:52+06:00"}
{"level":"info","module":"main","msg":"User visits registration page","time":"2024-02-29T13:28:57+06:00"}
{"level":"info","module":"main","msg":"User visits login page","time":"2024-02-29T13:37:45+06:00"}
{"function":"login","level":"info","module":"main","msg":"Login request","time":"2024-02-29T13:37:49+06:00"}
{"function":"login","level":"info","module":"main","msg":"User sucessfully logged in","time":"2024-02-29T13:37:49+06:00"}
{"level":"info","module":"main","msg":"User visits travel page","time":"2024-02-29T13:37:49+06:00"}
{"level":"info","module":"main","msg":"User visits tours page","time":"2024-02-29T13:38:42+06:00"}
{"function":"searchHandler","level":"info","module":"main","msg":"User requests tours data","time":"2024-02-29T13:38:43+06:00"}
{"arrival":"","city":"","country":"","departure":"","hotel":"","level":"info","msg":"User request","sort":"","time":"2024-02-29T13:38:43+06:00"}
{"function":"searchHandler","level":"info","module":"main","msg":"Tours were found","time":"2024-02-29T13:38:43+06:00"}
{"level":"info","module":"main","msg":"User visits tours page","time":"2024-02-29T13:42:28+06:00"}
{"function":"searchHandler","level":"info","module":"main","msg":"User requests tours data","time":"2024-02-29T13:42:28+06:00"}
{"arrival":"","city":"","country":"","departure":"","hotel":"","level":"info","msg":"User request","sort":"","time":"2024-02-29T13:42:28+06:00"}
{"function":"searchHandler","level":"info","module":"main","msg":"Tours were found","time":"2024-02-29T13:42:29+06:00"}
{"level":"info","module":"main","msg":"User visits tours page","time":"2024-02-29T14:07:27+06:00"}
{"function":"searchHandler","level":"info","module":"main","msg":"User requests tours data","time":"2024-02-29T14:07:27+06:00"}
{"arrival":"","city":"","country":"","departure":"","hotel":"","level":"info","msg":"User request","sort":"","time":"2024-02-29T14:07:27+06:00"}
{"function":"searchHandler","level":"info","module":"main","msg":"Tours were found","time":"2024-02-29T14:07:28+06:00"}
{"function":"registration","level":"info","module":"main","msg":"User sent data","time":"2024-02-29T14:19:56+06:00"}
{"function":"registration","level":"info","module":"main","msg":"User successfully registered","time":"2024-02-29T14:19:56+06:00"}
{"level":"info","module":"main","msg":"User visits login page","time":"2024-02-29T14:19:56+06:00"}
{"function":"login","level":"info","module":"main","msg":"Login request","time":"2024-02-29T14:20:16+06:00"}
{"function":"login","level":"info","module":"main","msg":"User sucessfully logged in","time":"2024-02-29T14:20:16+06:00"}
{"level":"info","module":"main","msg":"User visits travel page","time":"2024-02-29T14:20:16+06:00"}
{"level":"info","module":"main","msg":"User visits registration page","time":"2024-02-29T14:25:49+06:00"}
{"level":"info","module":"main","msg":"User visits login page","time":"2024-02-29T14:25:50+06:00"}
{"function":"login","level":"info","module":"main","msg":"Login request","time":"2024-02-29T14:26:47+06:00"}
{"function":"login","level":"info","module":"main","msg":"Login request","time":"2024-02-29T14:27:05+06:00"}
{"function":"login","level":"info","module":"main","msg":"Login request","time":"2024-02-29T14:28:14+06:00"}
{"function":"login","level":"info","module":"main","msg":"Login request","time":"2024-02-29T14:28:25+06:00"}
{"function":"login","level":"info","module":"main","msg":"User successfully logged in","time":"2024-02-29T14:28:25+06:00"}
{"level":"info","module":"main","msg":"User visits login page","time":"2024-02-29T14:28:39+06:00"}
{"function":"login","level":"info","module":"main","msg":"Login request","time":"2024-02-29T14:28:45+06:00"}
{"function":"login","level":"info","module":"main","msg":"Login request","time":"2024-02-29T14:31:20+06:00"}
{"function":"login","level":"info","module":"main","msg":"Login request","time":"2024-02-29T14:31:31+06:00"}
{"function":"login","level":"info","module":"main","msg":"Login request","time":"2024-02-29T14:34:27+06:00"}
{"function":"login","level":"info","module":"main","msg":"Login request","time":"2024-02-29T14:34:44+06:00"}
{"function":"login","level":"info","module":"main","msg":"User successfully logged in","time":"2024-02-29T14:34:44+06:00"}
{"level":"info","module":"main","msg":"Admin visits admin page","time":"2024-02-29T14:34:45+06:00"}
{"function":"getAllUsers","level":"info","module":"main","msg":"Admin requested all users' data","time":"2024-02-29T14:34:45+06:00"}
{"function":"getAllUsers","level":"info","module":"main","msg":"Data was succesfully sent","time":"2024-02-29T14:34:45+06:00"}
{"function":"registration","level":"info","module":"main","msg":"User sent data","time":"2024-02-29T14:53:47+06:00"}
{"function":"registration","level":"info","module":"main","msg":"User successfully registered","time":"2024-02-29T14:53:47+06:00"}
{"level":"info","module":"main","msg":"User visits login page","time":"2024-02-29T14:53:47+06:00"}
{"function":"login","level":"info","module":"main","msg":"Login request","time":"2024-02-29T15:27:09+06:00"}
{"function":"login","level":"info","module":"main","msg":"Login request","time":"2024-02-29T15:28:31+06:00"}
{"function":"login","level":"info","module":"main","msg":"User successfully logged in","time":"2024-02-29T15:28:31+06:00"}
{"level":"info","module":"main","msg":"User visits registration page","time":"2024-02-29T15:29:12+06:00"}
{"level":"info","module":"main","msg":"Admin visits admin page","time":"2024-02-29T15:29:20+06:00"}
{"function":"getAllUsers","level":"info","module":"main","msg":"Admin requested all users' data","time":"2024-02-29T15:29:20+06:00"}
{"function":"getAllUsers","level":"info","module":"main","msg":"Data was succesfully sent","time":"2024-02-29T15:29:20+06:00"}
{"function":"deleteUser","level":"info","module":"main","msg":"Admin deletes user's data","time":"2024-02-29T15:29:22+06:00"}
{"function":"deleteUser","level":"info","module":"main","msg":"User deleted successfully","time":"2024-02-29T15:29:22+06:00"}
{"function":"getAllUsers","level":"info","module":"main","msg":"Admin requested all users' data","time":"2024-02-29T15:29:22+06:00"}
{"function":"getAllUsers","level":"info","module":"main","msg":"Data was succesfully sent","time":"2024-02-29T15:29:22+06:00"}
{"function":"deleteUser","level":"info","module":"main","msg":"Admin deletes user's data","time":"2024-02-29T15:29:24+06:00"}
{"function":"deleteUser","level":"info","module":"main","msg":"User deleted successfully","time":"2024-02-29T15:29:24+06:00"}
{"function":"getAllUsers","level":"info","module":"main","msg":"Admin requested all users' data","time":"2024-02-29T15:29:24+06:00"}
{"function":"getAllUsers","level":"info","module":"main","msg":"Data was succesfully sent","time":"2024-02-29T15:29:24+06:00"}
{"level":"info","module":"main","msg":"Admin visits admin page","time":"2024-02-29T15:29:34+06:00"}
{"function":"getAllUsers","level":"info","module":"main","msg":"Admin requested all users' data","time":"2024-02-29T15:29:34+06:00"}
{"function":"getAllUsers","level":"info","module":"main","msg":"Data was succesfully sent","time":"2024-02-29T15:29:34+06:00"}
{"function":"deleteUser","level":"info","module":"main","msg":"Admin deletes user's data","time":"2024-02-29T15:29:35+06:00"}
{"function":"deleteUser","level":"info","module":"main","msg":"User deleted successfully","time":"2024-02-29T15:29:35+06:00"}
{"function":"getAllUsers","level":"info","module":"main","msg":"Admin requested all users' data","time":"2024-02-29T15:29:35+06:00"}
{"function":"getAllUsers","level":"info","module":"main","msg":"Data was succesfully sent","time":"2024-02-29T15:29:35+06:00"}
{"function":"deleteUser","level":"info","module":"main","msg":"Admin deletes user's data","time":"2024-02-29T15:29:37+06:00"}
{"function":"deleteUser","level":"info","module":"main","msg":"User deleted successfully","time":"2024-02-29T15:29:37+06:00"}
{"function":"getAllUsers","level":"info","module":"main","msg":"Admin requested all users' data","time":"2024-02-29T15:29:37+06:00"}
{"function":"getAllUsers","level":"info","module":"main","msg":"Data was succesfully sent","time":"2024-02-29T15:29:37+06:00"}
{"function":"deleteUser","level":"info","module":"main","msg":"Admin deletes user's data","time":"2024-02-29T15:29:38+06:00"}
{"function":"deleteUser","level":"info","module":"main","msg":"User deleted successfully","time":"2024-02-29T15:29:38+06:00"}
{"function":"getAllUsers","level":"info","module":"main","msg":"Admin requested all users' data","time":"2024-02-29T15:29:38+06:00"}
{"function":"getAllUsers","level":"info","module":"main","msg":"Data was succesfully sent","time":"2024-02-29T15:29:38+06:00"}
{"function":"deleteUser","level":"info","module":"main","msg":"Admin deletes user's data","time":"2024-02-29T15:29:39+06:00"}
{"function":"deleteUser","level":"info","module":"main","msg":"User deleted successfully","time":"2024-02-29T15:29:39+06:00"}
{"function":"getAllUsers","level":"info","module":"main","msg":"Admin requested all users' data","time":"2024-02-29T15:29:39+06:00"}
{"function":"getAllUsers","level":"info","module":"main","msg":"Data was succesfully sent","time":"2024-02-29T15:29:39+06:00"}
{"function":"deleteUser","level":"info","module":"main","msg":"Admin deletes user's data","time":"2024-02-29T15:29:39+06:00"}
{"function":"deleteUser","level":"info","module":"main","msg":"User deleted successfully","time":"2024-02-29T15:29:39+06:00"}
{"function":"getAllUsers","level":"info","module":"main","msg":"Admin requested all users' data","time":"2024-02-29T15:29:39+06:00"}
{"function":"getAllUsers","level":"info","module":"main","msg":"Data was succesfully sent","time":"2024-02-29T15:29:39+06:00"}
{"level":"info","module":"main","msg":"Admin visits admin page","time":"2024-02-29T15:30:53+06:00"}
{"function":"getAllUsers","level":"info","module":"main","msg":"Admin requested all users' data","time":"2024-02-29T15:30:53+06:00"}
{"function":"getAllUsers","level":"info","module":"main","msg":"Data was succesfully sent","time":"2024-02-29T15:30:53+06:00"}
{"function":"registration","level":"info","module":"main","msg":"User sended data","time":"2024-02-29T15:31:18+06:00"}
{"function":"registration","level":"info","module":"main","msg":"User sended data","time":"2024-02-29T15:31:27+06:00"}
{"function":"registration","level":"info","module":"main","msg":"User successfully registered","time":"2024-02-29T15:31:28+06:00"}
{"level":"info","module":"main","msg":"User visits login page","time":"2024-02-29T15:31:28+06:00"}
{"function":"login","level":"info","module":"main","msg":"Login request","time":"2024-02-29T15:31:34+06:00"}
{"function":"login","level":"info","module":"main","msg":"User successfully logged in","time":"2024-02-29T15:31:34+06:00"}
{"level":"info","module":"main","msg":"User visits registration page","time":"2024-02-29T15:33:01+06:00"}
{"function":"registration","level":"info","module":"main","msg":"User sended data","time":"2024-02-29T15:33:15+06:00"}
{"function":"registration","level":"info","module":"main","msg":"User successfully registered","time":"2024-02-29T15:33:15+06:00"}
{"level":"info","module":"main","msg":"User visits login page","time":"2024-02-29T15:33:15+06:00"}
{"function":"login","level":"info","module":"main","msg":"Login request","time":"2024-02-29T15:33:21+06:00"}
{"function":"login","level":"info","module":"main","msg":"User successfully logged in","time":"2024-02-29T15:33:21+06:00"}
{"level":"info","module":"main","msg":"User visits registration page","time":"2024-02-29T16:45:31+06:00"}
{"level":"info","module":"main","msg":"User visits login page","time":"2024-02-29T16:45:32+06:00"}
{"function":"login","level":"info","module":"main","msg":"Login request","time":"2024-02-29T16:45:38+06:00"}
{"function":"login","level":"info","module":"main","msg":"User successfully logged in","time":"2024-02-29T16:45:38+06:00"}
{"function":"getAllUsers","level":"info","module":"main","msg":"Admin requested all users' data","time":"2024-02-29T16:45:38+06:00"}
{"function":"getAllUsers","level":"info","module":"main","msg":"Data was succesfully sent","time":"2024-02-29T16:45:38+06:00"}
{"function":"getAllUsers","level":"info","module":"main","msg":"Admin requested all users' data","time":"2024-02-29T16:49:12+06:00"}
{"function":"getAllUsers","level":"info","module":"main","msg":"Data was succesfully sent","time":"2024-02-29T16:49:12+06:00"}
{"level":"info","module":"main","msg":"Admin visits admin page","time":"2024-02-29T16:49:19+06:00"}
{"function":"getAllUsers","level":"info","module":"main","msg":"Admin requested all users' data","time":"2024-02-29T16:49:19+06:00"}
{"function":"getAllUsers","level":"info","module":"main","msg":"Data was succesfully sent","time":"2024-02-29T16:49:19+06:00"}
{"level":"info","module":"main","msg":"User visits home page","time":"2024-02-29T16:49:22+06:00"}
{"level":"info","module":"main","msg":"User visits login page","time":"2024-02-29T16:49:29+06:00"}
{"function":"login","level":"info","module":"main","msg":"Login request","time":"2024-02-29T16:49:37+06:00"}
{"function":"login","level":"info","module":"main","msg":"User successfully logged in","time":"2024-02-29T16:49:37+06:00"}
{"level":"info","module":"main","msg":"User visits tours page","time":"2024-02-29T16:51:33+06:00"}
{"function":"searchHandler","level":"info","module":"main","msg":"User requests tours data","time":"2024-02-29T16:51:33+06:00"}
{"arrival":"","city":"","country":"","departure":"","hotel":"","level":"info","msg":"User request","sort":"","time":"2024-02-29T16:51:33+06:00"}
{"function":"searchHandler","level":"info","module":"main","msg":"Tours were found","time":"2024-02-29T16:51:35+06:00"}
{"level":"info","module":"main","msg":"User visits login page","time":"2024-02-29T17:58:01+06:00"}
{"level":"info","module":"main","msg":"User visits registration page","time":"2024-02-29T18:00:42+06:00"}
{"level":"info","module":"main","msg":"User visits registration page","time":"2024-02-29T18:00:46+06:00"}
{"function":"login","level":"info","module":"main","msg":"Login request","time":"2024-02-29T18:00:54+06:00"}
{"function":"login","level":"info","module":"main","msg":"User successfully logged in","time":"2024-02-29T18:00:54+06:00"}
{"level":"info","module":"main","msg":"Admin visits admin page","time":"2024-02-29T18:00:54+06:00"}
{"function":"getAllUsers","level":"info","module":"main","msg":"Admin requested all users' data","time":"2024-02-29T18:00:54+06:00"}
{"function":"getAllUsers","level":"info","module":"main","msg":"Data was succesfully sent","time":"2024-02-29T18:00:54+06:00"}
{"level":"info","module":"main","msg":"Admin visits admin page","time":"2024-02-29T18:01:17+06:00"}
{"function":"getAllUsers","level":"info","module":"main","msg":"Admin requested all users' data","time":"2024-02-29T18:01:18+06:00"}
{"function":"getAllUsers","level":"info","module":"main","msg":"Data was succesfully sent","time":"2024-02-29T18:01:18+06:00"}
{"level":"info","module":"main","msg":"Admin visits admin page","time":"2024-02-29T18:01:40+06:00"}
{"function":"getAllUsers","level":"info","module":"main","msg":"Admin requested all users' data","time":"2024-02-29T18:01:41+06:00"}
{"function":"getAllUsers","level":"info","module":"main","msg":"Data was succesfully sent","time":"2024-02-29T18:01:41+06:00"}
{"level":"info","module":"main","msg":"Admin visits admin page","time":"2024-02-29T18:03:09+06:00"}
{"function":"getAllUsers","level":"info","module":"main","msg":"Admin requested all users' data","time":"2024-02-29T18:03:09+06:00"}
{"function":"getAllUsers","level":"info","module":"main","msg":"Data was succesfully sent","time":"2024-02-29T18:03:09+06:00"}
{"level":"info","module":"main","msg":"Admin visits admin page","time":"2024-02-29T18:03:25+06:00"}
{"function":"getAllUsers","level":"info","module":"main","msg":"Admin requested all users' data","time":"2024-02-29T18:03:25+06:00"}
{"function":"getAllUsers","level":"info","module":"main","msg":"Data was succesfully sent","time":"2024-02-29T18:03:25+06:00"}
{"level":"info","module":"main","msg":"Admin visits admin page","time":"2024-02-29T18:03:36+06:00"}
{"function":"getAllUsers","level":"info","module":"main","msg":"Admin requested all users' data","time":"2024-02-29T18:03:36+06:00"}
{"function":"getAllUsers","level":"info","module":"main","msg":"Data was succesfully sent","time":"2024-02-29T18:03:36+06:00"}
{"level":"info","module":"main","msg":"Admin visits admin page","time":"2024-02-29T18:03:44+06:00"}
{"function":"getAllUsers","level":"info","module":"main","msg":"Admin requested all users' data","time":"2024-02-29T18:03:45+06:00"}
{"function":"getAllUsers","level":"info","module":"main","msg":"Data was succesfully sent","time":"2024-02-29T18:03:45+06:00"}
{"level":"info","module":"main","msg":"Admin visits admin page","time":"2024-02-29T18:03:46+06:00"}
{"level":"info","module":"main","msg":"Admin visits admin page","time":"2024-02-29T18:03:49+06:00"}
{"level":"info","module":"main","msg":"Admin visits admin page","time":"2024-02-29T18:04:08+06:00"}
{"level":"info","module":"main","msg":"Admin visits admin page","time":"2024-02-29T18:04:43+06:00"}
{"level":"info","module":"main","msg":"Admin visits admin page","time":"2024-02-29T18:05:30+06:00"}
{"level":"info","module":"main","msg":"Admin visits admin page","time":"2024-02-29T18:07:34+06:00"}
{"function":"getAllUsers","level":"info","module":"main","msg":"Admin requested all users' data","time":"2024-02-29T18:07:34+06:00"}
{"function":"getAllUsers","level":"info","module":"main","msg":"Data was succesfully sent","time":"2024-02-29T18:07:34+06:00"}
{"level":"info","module":"main","msg":"Admin visits admin page","time":"2024-02-29T18:09:21+06:00"}
{"function":"getAllUsers","level":"info","module":"main","msg":"Admin requested all users' data","time":"2024-02-29T18:09:22+06:00"}
{"function":"getAllUsers","level":"info","module":"main","msg":"Data was succesfully sent","time":"2024-02-29T18:09:22+06:00"}
{"level":"info","module":"main","msg":"Admin visits admin page","time":"2024-02-29T18:09:39+06:00"}
{"function":"getAllUsers","level":"info","module":"main","msg":"Admin requested all users' data","time":"2024-02-29T18:09:39+06:00"}
{"function":"getAllUsers","level":"info","module":"main","msg":"Data was succesfully sent","time":"2024-02-29T18:09:39+06:00"}
{"level":"info","module":"main","msg":"Admin visits admin page","time":"2024-02-29T18:09:44+06:00"}
{"function":"getAllUsers","level":"info","module":"main","msg":"Admin requested all users' data","time":"2024-02-29T18:09:44+06:00"}
{"function":"getAllUsers","level":"info","module":"main","msg":"Data was succesfully sent","time":"2024-02-29T18:09:44+06:00"}
{"level":"info","module":"main","msg":"Admin visits admin page","time":"2024-02-29T18:10:14+06:00"}
{"function":"getAllUsers","level":"info","module":"main","msg":"Admin requested all users' data","time":"2024-02-29T18:10:14+06:00"}
{"function":"getAllUsers","level":"info","module":"main","msg":"Data was succesfully sent","time":"2024-02-29T18:10:14+06:00"}
{"level":"info","module":"main","msg":"Admin visits admin page","time":"2024-02-29T18:10:47+06:00"}
{"function":"getAllUsers","level":"info","module":"main","msg":"Admin requested all users' data","time":"2024-02-29T18:10:48+06:00"}
{"function":"getAllUsers","level":"info","module":"main","msg":"Data was succesfully sent","time":"2024-02-29T18:10:48+06:00"}
{"function":"updateUser","level":"info","module":"main","msg":"Admin updates user's data","time":"2024-02-29T18:11:02+06:00"}
{"function":"updateUser","level":"info","module":"main","msg":"User updated sucessfully","time":"2024-02-29T18:11:02+06:00"}
{"function":"getAllUsers","level":"info","module":"main","msg":"Admin requested all users' data","time":"2024-02-29T18:11:02+06:00"}
{"function":"getAllUsers","level":"info","module":"main","msg":"Data was succesfully sent","time":"2024-02-29T18:11:02+06:00"}
{"function":"registration","level":"info","module":"main","msg":"User sended data","time":"2024-02-29T18:13:43+06:00"}
{"function":"registration","level":"info","module":"main","msg":"User sended data","time":"2024-02-29T18:14:31+06:00"}
{"level":"info","module":"main","msg":"Admin visits admin page","time":"2024-02-29T18:14:36+06:00"}
{"function":"getAllUsers","level":"info","module":"main","msg":"Admin requested all users' data","time":"2024-02-29T18:14:36+06:00"}
{"function":"getAllUsers","level":"info","module":"main","msg":"Data was succesfully sent","time":"2024-02-29T18:14:36+06:00"}
{"function":"registration","level":"info","module":"main","msg":"User sended data","time":"2024-02-29T18:14:49+06:00"}
{"function":"registration","level":"info","module":"main","msg":"User sended data","time":"2024-02-29T18:15:41+06:00"}
{"function":"registration","level":"info","module":"main","msg":"User successfully registered","time":"2024-02-29T18:15:41+06:00"}
{"level":"info","module":"main","msg":"Admin visits admin page","time":"2024-02-29T18:15:47+06:00"}
{"function":"getAllUsers","level":"info","module":"main","msg":"Admin requested all users' data","time":"2024-02-29T18:15:47+06:00"}
{"function":"getAllUsers","level":"info","module":"main","msg":"Data was succesfully sent","time":"2024-02-29T18:15:47+06:00"}
{"function":"registration","level":"info","module":"main","msg":"User sended data","time":"2024-02-29T18:16:50+06:00"}
{"level":"info","module":"main","msg":"Admin visits admin page","time":"2024-02-29T18:16:55+06:00"}
{"function":"getAllUsers","level":"info","module":"main","msg":"Admin requested all users' data","time":"2024-02-29T18:16:55+06:00"}
{"function":"getAllUsers","level":"info","module":"main","msg":"Data was succesfully sent","time":"2024-02-29T18:16:55+06:00"}
{"function":"registration","level":"info","module":"main","msg":"User sended data","time":"2024-02-29T18:16:59+06:00"}
{"function":"registration","level":"info","module":"main","msg":"User sended data","time":"2024-02-29T18:18:04+06:00"}
{"level":"info","module":"main","msg":"Admin visits admin page","time":"2024-02-29T18:18:09+06:00"}
{"function":"getAllUsers","level":"info","module":"main","msg":"Admin requested all users' data","time":"2024-02-29T18:18:09+06:00"}
{"function":"getAllUsers","level":"info","module":"main","msg":"Data was succesfully sent","time":"2024-02-29T18:18:09+06:00"}
{"function":"registration","level":"info","module":"main","msg":"User sended data","time":"2024-02-29T18:18:13+06:00"}
{"level":"info","module":"main","msg":"Admin visits admin page","time":"2024-02-29T18:20:31+06:00"}
{"function":"getAllUsers","level":"info","module":"main","msg":"Admin requested all users' data","time":"2024-02-29T18:20:31+06:00"}
{"function":"getAllUsers","level":"info","module":"main","msg":"Data was succesfully sent","time":"2024-02-29T18:20:31+06:00"}
{"function":"registration","level":"info","module":"main","msg":"User sended data","time":"2024-02-29T18:20:40+06:00"}
{"level":"info","module":"main","msg":"Admin visits admin page","time":"2024-02-29T18:21:30+06:00"}
{"function":"getAllUsers","level":"info","module":"main","msg":"Admin requested all users' data","time":"2024-02-29T18:21:30+06:00"}
{"function":"getAllUsers","level":"info","module":"main","msg":"Data was succesfully sent","time":"2024-02-29T18:21:30+06:00"}
{"function":"registration","level":"info","module":"main","msg":"User sended data","time":"2024-02-29T18:21:36+06:00"}
{"function":"registration","level":"info","module":"main","msg":"User sended data","time":"2024-02-29T18:21:44+06:00"}
{"function":"registration","level":"info","module":"main","msg":"User successfully registered","time":"2024-02-29T18:21:44+06:00"}
{"level":"info","module":"main","msg":"Admin visits admin page","time":"2024-02-29T18:22:29+06:00"}
{"function":"getAllUsers","level":"info","module":"main","msg":"Admin requested all users' data","time":"2024-02-29T18:22:29+06:00"}
{"function":"getAllUsers","level":"info","module":"main","msg":"Data was succesfully sent","time":"2024-02-29T18:22:29+06:00"}
{"level":"info","module":"main","msg":"Admin visits admin page","time":"2024-02-29T18:23:32+06:00"}
{"function":"getAllUsers","level":"info","module":"main","msg":"Admin requested all users' data","time":"2024-02-29T18:23:33+06:00"}
{"function":"getAllUsers","level":"info","module":"main","msg":"Data was succesfully sent","time":"2024-02-29T18:23:33+06:00"}
{"level":"info","module":"main","msg":"Admin visits admin page","time":"2024-02-29T18:25:46+06:00"}
{"function":"getAllUsers","level":"info","module":"main","msg":"Admin requested all users' data","time":"2024-02-29T18:25:47+06:00"}
{"function":"getAllUsers","level":"info","module":"main","msg":"Data was succesfully sent","time":"2024-02-29T18:25:47+06:00"}
{"level":"info","module":"main","msg":"Admin visits admin page","time":"2024-02-29T18:30:54+06:00"}
{"function":"getAllUsers","level":"info","module":"main","msg":"Admin requested all users' data","time":"2024-02-29T18:30:54+06:00"}
{"function":"getAllUsers","level":"info","module":"main","msg":"Data was succesfully sent","time":"2024-02-29T18:30:54+06:00"}
{"function":"getUserByEmail","level":"info","module":"main","msg":"Admin requested user data","time":"2024-02-29T18:30:57+06:00"}
{"function":"getUserByEmail","level":"info","module":"main","msg":"Admin requested user data","time":"2024-02-29T18:31:38+06:00"}
{"function":"getUserByEmail","level":"info","module":"main","msg":"Data was succesfully sent","time":"2024-02-29T18:31:38+06:00"}
{"level":"info","module":"main","msg":"Admin visits admin page","time":"2024-02-29T18:32:32+06:00"}
{"function":"getAllUsers","level":"info","module":"main","msg":"Admin requested all users' data","time":"2024-02-29T18:32:32+06:00"}
{"function":"getAllUsers","level":"info","module":"main","msg":"Data was succesfully sent","time":"2024-02-29T18:32:32+06:00"}
{"function":"getUserByEmail","level":"info","module":"main","msg":"Admin requested user data","time":"2024-02-29T18:32:35+06:00"}
{"function":"getUserByEmail","level":"info","module":"main","msg":"Data was succesfully sent","time":"2024-02-29T18:32:35+06:00"}
{"function":"getAllUsers","level":"info","module":"main","msg":"Admin requested all users' data","time":"2024-02-29T18:32:41+06:00"}
{"function":"getAllUsers","level":"info","module":"main","msg":"Data was succesfully sent","time":"2024-02-29T18:32:41+06:00"}
{"level":"info","module":"main","msg":"Admin visits admin page","time":"2024-02-29T18:34:28+06:00"}
{"function":"getAllUsers","level":"info","module":"main","msg":"Admin requested all users' data","time":"2024-02-29T18:34:28+06:00"}
{"function":"getAllUsers","level":"info","module":"main","msg":"Data was succesfully sent","time":"2024-02-29T18:34:28+06:00"}
{"function":"deleteUser","level":"info","module":"main","msg":"Admin deletes user's data","time":"2024-02-29T18:34:30+06:00"}
{"function":"deleteUser","level":"info","module":"main","msg":"User deleted successfully","time":"2024-02-29T18:34:30+06:00"}
{"function":"getAllUsers","level":"info","module":"main","msg":"Admin requested all users' data","time":"2024-02-29T18:34:30+06:00"}
{"function":"getAllUsers","level":"info","module":"main","msg":"Data was succesfully sent","time":"2024-02-29T18:34:30+06:00"}
{"function":"updateUser","level":"info","module":"main","msg":"Admin updates user's data","time":"2024-02-29T18:34:35+06:00"}
{"function":"updateUser","level":"info","module":"main","msg":"User updated sucessfully","time":"2024-02-29T18:34:35+06:00"}
{"function":"getAllUsers","level":"info","module":"main","msg":"Admin requested all users' data","time":"2024-02-29T18:34:35+06:00"}
{"function":"getAllUsers","level":"info","module":"main","msg":"Data was succesfully sent","time":"2024-02-29T18:34:35+06:00"}
{"level":"info","module":"main","msg":"Admin visits admin page","time":"2024-02-29T18:40:21+06:00"}
{"function":"getAllUsers","level":"info","module":"main","msg":"Admin requested all users' data","time":"2024-02-29T18:40:21+06:00"}
{"function":"getAllUsers","level":"info","module":"main","msg":"Data was succesfully sent","time":"2024-02-29T18:40:21+06:00"}
{"level":"info","module":"main","msg":"Admin visits admin page","time":"2024-02-29T18:40:56+06:00"}
{"function":"getAllUsers","level":"info","module":"main","msg":"Admin requested all users' data","time":"2024-02-29T18:40:56+06:00"}
{"function":"getAllUsers","level":"info","module":"main","msg":"Data was succesfully sent","time":"2024-02-29T18:40:56+06:00"}
{"level":"info","module":"main","msg":"Admin visits admin page","time":"2024-02-29T18:41:59+06:00"}
{"function":"getAllUsers","level":"info","module":"main","msg":"Admin requested all users' data","time":"2024-02-29T18:41:59+06:00"}
{"function":"getAllUsers","level":"info","module":"main","msg":"Data was succesfully sent","time":"2024-02-29T18:41:59+06:00"}
{"level":"info","module":"main","msg":"Admin visits admin page","time":"2024-02-29T18:42:11+06:00"}
{"function":"getAllUsers","level":"info","module":"main","msg":"Admin requested all users' data","time":"2024-02-29T18:42:12+06:00"}
{"function":"getAllUsers","level":"info","module":"main","msg":"Data was succesfully sent","time":"2024-02-29T18:42:12+06:00"}
{"level":"info","module":"main","msg":"Admin visits admin page","time":"2024-02-29T18:42:25+06:00"}
{"function":"getAllUsers","level":"info","module":"main","msg":"Admin requested all users' data","time":"2024-02-29T18:42:25+06:00"}
{"function":"getAllUsers","level":"info","module":"main","msg":"Data was succesfully sent","time":"2024-02-29T18:42:25+06:00"}
{"level":"info","module":"main","msg":"Admin visits admin page","time":"2024-02-29T18:42:58+06:00"}
{"function":"getAllUsers","level":"info","module":"main","msg":"Admin requested all users' data","time":"2024-02-29T18:42:58+06:00"}
{"function":"getAllUsers","level":"info","module":"main","msg":"Data was succesfully sent","time":"2024-02-29T18:42:58+06:00"}
{"level":"info","module":"main","msg":"Admin visits admin page","time":"2024-02-29T18:43:01+06:00"}
{"function":"getAllUsers","level":"info","module":"main","msg":"Admin requested all users' data","time":"2024-02-29T18:43:01+06:00"}
{"function":"getAllUsers","level":"info","module":"main","msg":"Data was succesfully sent","time":"2024-02-29T18:43:01+06:00"}
{"level":"info","module":"main","msg":"User visits registration page","time":"2024-02-29T18:43:11+06:00"}
{"level":"info","module":"main","msg":"User visits tours page","time":"2024-02-29T18:43:14+06:00"}
{"function":"searchHandler","level":"info","module":"main","msg":"User requests tours data","time":"2024-02-29T18:43:14+06:00"}
{"arrival":"","city":"","country":"","departure":"","hotel":"","level":"info","msg":"User request","sort":"","time":"2024-02-29T18:43:14+06:00"}
{"function":"searchHandler","level":"info","module":"main","msg":"Tours were found","time":"2024-02-29T18:43:16+06:00"}
{"level":"info","module":"main","msg":"User visits travel page","time":"2024-02-29T18:43:44+06:00"}
{"level":"info","module":"main","msg":"User visits home page","time":"2024-02-29T18:43:46+06:00"}
{"level":"info","module":"main","msg":"User visits home page","time":"2024-02-29T18:43:47+06:00"}
{"level":"info","module":"main","msg":"User visits travel page","time":"2024-02-29T18:43:48+06:00"}
{"level":"info","module":"main","msg":"User visits home page","time":"2024-02-29T18:43:49+06:00"}
{"level":"info","module":"main","msg":"User visits tours page","time":"2024-02-29T18:43:52+06:00"}
{"function":"searchHandler","level":"info","module":"main","msg":"User requests tours data","time":"2024-02-29T18:43:53+06:00"}
{"level":"info","module":"main","msg":"User visits tours page","time":"2024-02-29T18:43:55+06:00"}
{"function":"searchHandler","level":"info","module":"main","msg":"User requests tours data","time":"2024-02-29T18:43:55+06:00"}
{"arrival":"","city":"","country":"","departure":"","hotel":"","level":"info","msg":"User request","sort":"","time":"2024-02-29T18:43:55+06:00"}
{"function":"searchHandler","level":"info","module":"main","msg":"Tours were found","time":"2024-02-29T18:43:57+06:00"}
